[2022-10-28 14:51:39] app.ERROR: Data from PrestaShop Addons is invalid, and cannot fallback on cache. [] []
[2022-10-28 14:51:39] app.INFO: Protect vendor folder in module gamification [] []
[2022-10-28 14:51:39] app.INFO: Protect vendor folder in module psaddonsconnect [] []
[2022-10-28 14:51:39] app.INFO: Protect vendor folder in module psgdpr [] []
[2022-10-28 14:51:40] app.INFO: Protect vendor folder in module ps_mbo [] []
[2022-10-28 14:51:40] app.INFO: Protect vendor folder in module ps_buybuttonlite [] []
[2022-10-28 14:51:42] app.INFO: Protect vendor folder in module ps_metrics [] []
[2022-10-28 14:51:42] app.INFO: Protect vendor folder in module ps_facebook [] []
[2022-10-28 14:51:44] app.INFO: Protect vendor folder in module psxmarketingwithgoogle [] []
[2022-10-28 14:51:54] app.ERROR: Data from PrestaShop Addons is invalid, and cannot fallback on cache. [] []
[2022-10-28 14:51:54] app.INFO: Protect vendor folder in module blockreassurance [] []
[2022-10-28 14:51:54] app.INFO: Module blockreassurance has no vendor folder [] []
[2022-10-28 14:52:12] app.ERROR: Data from PrestaShop Addons is invalid, and cannot fallback on cache. [] []
[2022-10-28 14:52:16] app.INFO: Protect vendor folder in module ps_facetedsearch [] []
[2022-10-28 14:52:16] app.INFO: Module ps_facetedsearch has no vendor folder [] []
[2022-10-28 14:56:52] request.INFO: Matched route "metrics_api_resolver". {"route":"metrics_api_resolver","route_parameters":{"query":"getShopData","_controller":"PrestaShop\\Module\\Ps_metrics\\Controller\\Admin\\MetricsResolverController::resolve","_route":"metrics_api_resolver"},"request_uri":"http://localhost:4280/tiendadmin/index.php/modules/metrics/api/getShopData?_token=BcDa5_Wff3ZVfc6RA8aXEpOAP-yq2u0CckMmuD-fHmE","method":"GET"} []
[2022-10-28 14:56:52] security.DEBUG: Read existing security token from the session. {"key":"_security_main","token_class":"Symfony\\Component\\Security\\Core\\Authentication\\Token\\UsernamePasswordToken"} []
[2022-10-28 14:56:52] security.DEBUG: User was reloaded from a user provider. {"provider":"PrestaShopBundle\\Security\\Admin\\EmployeeProvider","username":"demo@prestashop.com"} []
[2022-10-28 14:56:52] request.CRITICAL: Uncaught PHP Exception Exception: "#001 Message : Call to undefined method PrestaShop\Module\Ps_metrics\Handler\GuzzleApiResponseExceptionHandler::getBody()" at /var/www/html/modules/ps_metrics/src/Controller/Admin/MetricsResolverController.php line 76 {"exception":"[object] (Exception(code: 0): #001 Message : Call to undefined method PrestaShop\\Module\\Ps_metrics\\Handler\\GuzzleApiResponseExceptionHandler::getBody() at /var/www/html/modules/ps_metrics/src/Controller/Admin/MetricsResolverController.php:76)"} []
[2022-10-28 14:56:52] security.DEBUG: Stored the security token in the session. {"key":"_security_main"} []
